Flow report for cnc3_v1_5
Wed Dec 22 11:54:43 2021
Quartus Prime Version 19.1.0 Build 670 09/22/2019 SJ Standard Edition


---------------------
; Table of Contents ;
---------------------
  1. Legal Notice
  2. Flow Summary
  3. Flow Settings
  4. Flow Non-Default Global Settings
  5. Flow Elapsed Time
  6. Flow OS Summary
  7. Flow Log
  8. Flow Messages
  9. Flow Suppressed Messages



----------------
; Legal Notice ;
----------------
Copyright (C) 2019  Intel Corporation. All rights reserved.
Your use of Intel Corporation's design tools, logic functions 
and other software and tools, and any partner logic 
functions, and any output files from any of the foregoing 
(including device programming or simulation files), and any 
associated documentation or information are expressly subject 
to the terms and conditions of the Intel Program License 
Subscription Agreement, the Intel Quartus Prime License Agreement,
the Intel FPGA IP License Agreement, or other applicable license
agreement, including, without limitation, that your use is for
the sole purpose of programming logic devices manufactured by
Intel and sold by Intel or its authorized distributors.  Please
refer to the applicable agreement for further details, at
https://fpgasoftware.intel.com/eula.



+--------------------------------------------------------------------------------------+
; Flow Summary                                                                         ;
+------------------------------------+-------------------------------------------------+
; Flow Status                        ; Successful - Wed Dec 22 11:54:43 2021           ;
; Quartus Prime Version              ; 19.1.0 Build 670 09/22/2019 SJ Standard Edition ;
; Revision Name                      ; cnc3_v1_5                                       ;
; Top-level Entity Name              ; top                                             ;
; Family                             ; MAX 10                                          ;
; Device                             ; 10M16SCE144C8G                                  ;
; Timing Models                      ; Final                                           ;
; Total logic elements               ; 7,500 / 15,840 ( 47 % )                         ;
;     Total combinational functions  ; 7,046 / 15,840 ( 44 % )                         ;
;     Dedicated logic registers      ; 4,250 / 15,840 ( 27 % )                         ;
; Total registers                    ; 4308                                            ;
; Total pins                         ; 94 / 101 ( 93 % )                               ;
; Total virtual pins                 ; 0                                               ;
; Total memory bits                  ; 1,280 / 562,176 ( < 1 % )                       ;
; Embedded Multiplier 9-bit elements ; 0 / 90 ( 0 % )                                  ;
; Total PLLs                         ; 1 / 1 ( 100 % )                                 ;
; UFM blocks                         ; 0 / 1 ( 0 % )                                   ;
; ADC blocks                         ; 0                                               ;
+------------------------------------+-------------------------------------------------+


+-----------------------------------------+
; Flow Settings                           ;
+-------------------+---------------------+
; Option            ; Setting             ;
+-------------------+---------------------+
; Start date & time ; 12/22/2021 11:53:14 ;
; Main task         ; Compilation         ;
; Revision Name     ; cnc3_v1_5           ;
+-------------------+---------------------+


+------------------------------------------------------------------------------------------------------------------------------+
; Flow Non-Default Global Settings                                                                                             ;
+--------------------------------------+----------------------------------------+---------------+-------------+----------------+
; Assignment Name                      ; Value                                  ; Default Value ; Entity Name ; Section Id     ;
+--------------------------------------+----------------------------------------+---------------+-------------+----------------+
; COMPILER_SIGNATURE_ID                ; 202883595560878.164016319411940        ; --            ; --          ; --             ;
; EDA_DESIGN_INSTANCE_NAME             ; NA                                     ; --            ; --          ; pls_cont_tb    ;
; EDA_DESIGN_INSTANCE_NAME             ; NA                                     ; --            ; --          ; imit_enc_tb    ;
; EDA_DESIGN_INSTANCE_NAME             ; NA                                     ; --            ; --          ; top_tb         ;
; EDA_NATIVELINK_SIMULATION_TEST_BENCH ; top_tb                                 ; --            ; --          ; eda_simulation ;
; EDA_OUTPUT_DATA_FORMAT               ; Systemverilog Hdl                      ; --            ; --          ; eda_simulation ;
; EDA_SIMULATION_TOOL                  ; QuestaSim (SystemVerilog)              ; <None>        ; --          ; --             ;
; EDA_TEST_BENCH_ENABLE_STATUS         ; TEST_BENCH_MODE                        ; --            ; --          ; eda_simulation ;
; EDA_TEST_BENCH_FILE                  ; testbench/pls_cont_tb.sv               ; --            ; --          ; pls_cont_tb    ;
; EDA_TEST_BENCH_FILE                  ; testbench/imit_enc_tb.sv               ; --            ; --          ; imit_enc_tb    ;
; EDA_TEST_BENCH_FILE                  ; testbench/top_tb.sv                    ; --            ; --          ; top_tb         ;
; EDA_TEST_BENCH_FILE                  ; testbench/MCP3008.sv                   ; --            ; --          ; top_tb         ;
; EDA_TEST_BENCH_FILE                  ; testbench/FmcBus.sv                    ; --            ; --          ; top_tb         ;
; EDA_TEST_BENCH_FILE                  ; testbench/SN74HC595.sv                 ; --            ; --          ; top_tb         ;
; EDA_TEST_BENCH_FILE                  ; testbench/SN74HC165.sv                 ; --            ; --          ; top_tb         ;
; EDA_TEST_BENCH_MODULE_NAME           ; pls_cont_tb                            ; --            ; --          ; pls_cont_tb    ;
; EDA_TEST_BENCH_MODULE_NAME           ; imit_enc_tb                            ; --            ; --          ; imit_enc_tb    ;
; EDA_TEST_BENCH_MODULE_NAME           ; top_tb                                 ; --            ; --          ; top_tb         ;
; EDA_TEST_BENCH_NAME                  ; pls_cont_tb                            ; --            ; --          ; eda_simulation ;
; EDA_TEST_BENCH_NAME                  ; imit_enc_tb                            ; --            ; --          ; eda_simulation ;
; EDA_TEST_BENCH_NAME                  ; top_tb                                 ; --            ; --          ; eda_simulation ;
; EDA_TIME_SCALE                       ; 1 ps                                   ; --            ; --          ; eda_simulation ;
; FLOW_ENABLE_POWER_ANALYZER           ; On                                     ; Off           ; --          ; --             ;
; MAX_CORE_JUNCTION_TEMP               ; 85                                     ; --            ; --          ; --             ;
; MIN_CORE_JUNCTION_TEMP               ; 0                                      ; --            ; --          ; --             ;
; MISC_FILE                            ; main_pll_inst.v                        ; --            ; --          ; --             ;
; MISC_FILE                            ; main_pll_bb.v                          ; --            ; --          ; --             ;
; MISC_FILE                            ; main_pll.ppf                           ; --            ; --          ; --             ;
; MISC_FILE                            ; main_pll_syn.v                         ; --            ; --          ; --             ;
; NUM_PARALLEL_PROCESSORS              ; 6                                      ; --            ; --          ; --             ;
; OUTPUT_IO_TIMING_FAR_END_VMEAS       ; Half Signal Swing                      ; --            ; --          ; --             ;
; OUTPUT_IO_TIMING_FAR_END_VMEAS       ; Half Signal Swing                      ; --            ; --          ; --             ;
; OUTPUT_IO_TIMING_NEAR_END_VMEAS      ; Half Vccio                             ; --            ; --          ; --             ;
; OUTPUT_IO_TIMING_NEAR_END_VMEAS      ; Half Vccio                             ; --            ; --          ; --             ;
; PARTITION_COLOR                      ; -- (Not supported for targeted family) ; --            ; top         ; Top            ;
; PARTITION_FITTER_PRESERVATION_LEVEL  ; -- (Not supported for targeted family) ; --            ; top         ; Top            ;
; PARTITION_NETLIST_TYPE               ; -- (Not supported for targeted family) ; --            ; top         ; Top            ;
; POWER_BOARD_THERMAL_MODEL            ; None (CONSERVATIVE)                    ; --            ; --          ; --             ;
; POWER_DEFAULT_INPUT_IO_TOGGLE_RATE   ; 12.5 %                                 ; 12.5%         ; --          ; --             ;
; POWER_PRESET_COOLING_SOLUTION        ; 23 MM HEAT SINK WITH 200 LFPM AIRFLOW  ; --            ; --          ; --             ;
; PROJECT_OUTPUT_DIRECTORY             ; output_files                           ; --            ; --          ; --             ;
; TOP_LEVEL_ENTITY                     ; top                                    ; cnc3_v1_5     ; --          ; --             ;
+--------------------------------------+----------------------------------------+---------------+-------------+----------------+


+--------------------------------------------------------------------------------------------------------------------------+
; Flow Elapsed Time                                                                                                        ;
+----------------------+--------------+-------------------------+---------------------+------------------------------------+
; Module Name          ; Elapsed Time ; Average Processors Used ; Peak Virtual Memory ; Total CPU Time (on all processors) ;
+----------------------+--------------+-------------------------+---------------------+------------------------------------+
; Analysis & Synthesis ; 00:00:30     ; 1.0                     ; 4873 MB             ; 00:00:38                           ;
; Fitter               ; 00:00:32     ; 1.6                     ; 5841 MB             ; 00:01:03                           ;
; Assembler            ; 00:00:02     ; 1.0                     ; 4715 MB             ; 00:00:02                           ;
; Power Analyzer       ; 00:00:07     ; 2.1                     ; 4930 MB             ; 00:00:15                           ;
; Timing Analyzer      ; 00:00:06     ; 2.4                     ; 4909 MB             ; 00:00:14                           ;
; EDA Netlist Writer   ; 00:00:02     ; 1.0                     ; 4693 MB             ; 00:00:02                           ;
; Total                ; 00:01:19     ; --                      ; --                  ; 00:02:14                           ;
+----------------------+--------------+-------------------------+---------------------+------------------------------------+


+------------------------------------------------------------------------------------+
; Flow OS Summary                                                                    ;
+----------------------+------------------+------------+------------+----------------+
; Module Name          ; Machine Hostname ; OS Name    ; OS Version ; Processor type ;
+----------------------+------------------+------------+------------+----------------+
; Analysis & Synthesis ; FPGA             ; Windows 10 ; 10.0       ; x86_64         ;
; Fitter               ; FPGA             ; Windows 10 ; 10.0       ; x86_64         ;
; Assembler            ; FPGA             ; Windows 10 ; 10.0       ; x86_64         ;
; Power Analyzer       ; FPGA             ; Windows 10 ; 10.0       ; x86_64         ;
; Timing Analyzer      ; FPGA             ; Windows 10 ; 10.0       ; x86_64         ;
; EDA Netlist Writer   ; FPGA             ; Windows 10 ; 10.0       ; x86_64         ;
+----------------------+------------------+------------+------------+----------------+


------------
; Flow Log ;
------------
quartus_map --read_settings_files=on --write_settings_files=off cnc -c cnc3_v1_5
quartus_fit --read_settings_files=off --write_settings_files=off cnc -c cnc3_v1_5
quartus_asm --read_settings_files=off --write_settings_files=off cnc -c cnc3_v1_5
quartus_pow --read_settings_files=off --write_settings_files=off cnc -c cnc3_v1_5
quartus_sta cnc -c cnc3_v1_5
quartus_eda --read_settings_files=off --write_settings_files=off cnc -c cnc3_v1_5



